<?xml version="1.0" encoding="UTF-8"?>
<testng-results ignored="33" total="34" passed="1" failed="0" skipped="0">
  <reporter-output>
  </reporter-output>
  <suite started-at="2023-10-03T18:14:45 IST" name="Default suite" finished-at="2023-10-03T18:14:45 IST" duration-ms="43">
    <groups>
    </groups>
    <test started-at="2023-10-03T18:14:45 IST" name="Default test" finished-at="2023-10-03T18:14:45 IST" duration-ms="43">
      <class name="pgms_sanjay.StringPgms">
        <test-method signature="carBusTrain()[pri:0, instance:pgms_sanjay.StringPgms@5d0a1059]" started-at="2023-10-03T18:14:45 IST" name="carBusTrain" finished-at="2023-10-03T18:14:45 IST" duration-ms="7" status="PASS">
          <reporter-output>
          </reporter-output>
        </test-method> <!-- carBusTrain -->
      </class> <!-- pgms_sanjay.StringPgms -->
    </test> <!-- Default test -->
  </suite> <!-- Default suite -->
</testng-results>
