<?xml version="1.0" encoding="UTF-8"?>
<!-- Generated by org.testng.reporters.JUnitXMLReporter -->
<testsuite ignored="34" hostname="TYC1221031" failures="0" tests="1" name="Default test" time="0.047" errors="0" timestamp="2023-10-09T15:59:13 IST">
  <testcase classname="pgms_sanjay.StringPgms" name="findLengthOfTheStringWoutUsingLength" time="0.006"/>
  <testcase classname="pgms_sanjay.StringPgms" name="findOccuranceOfEachWordsInAString" time="0.0">
    <ignored/>
  </testcase> <!-- findOccuranceOfEachWordsInAString -->
  <testcase classname="pgms_sanjay.StringPgms" name="countNoOfDuplicateCharactersInAStringUsingCollection" time="0.0">
    <ignored/>
  </testcase> <!-- countNoOfDuplicateCharactersInAStringUsingCollection -->
  <testcase classname="pgms_sanjay.StringPgms" name="sumOf2DigitsInAString" time="0.0">
    <ignored/>
  </testcase> <!-- sumOf2DigitsInAString -->
  <testcase classname="pgms_sanjay.StringPgms" name="stringFunctions" time="0.0">
    <ignored/>
  </testcase> <!-- stringFunctions -->
  <testcase classname="pgms_sanjay.StringPgms" name="printPositionOfEachWordInAString" time="0.0">
    <ignored/>
  </testcase> <!-- printPositionOfEachWordInAString -->
  <testcase classname="pgms_sanjay.StringPgms" name="countNoOfVowelsInAStringWithDuplicates" time="0.0">
    <ignored/>
  </testcase> <!-- countNoOfVowelsInAStringWithDuplicates -->
  <testcase classname="pgms_sanjay.StringPgms" name="countNoOfDuplicateCharactersInAStringUsingMap" time="0.0">
    <ignored/>
  </testcase> <!-- countNoOfDuplicateCharactersInAStringUsingMap -->
  <testcase classname="pgms_sanjay.StringPgms" name="carBusTrain" time="0.0">
    <ignored/>
  </testcase> <!-- carBusTrain -->
  <testcase classname="pgms_sanjay.StringPgms" name="swap1stAndLastWordsInAString" time="0.0">
    <ignored/>
  </testcase> <!-- swap1stAndLastWordsInAString -->
  <testcase classname="pgms_sanjay.StringPgms" name="countNoOfUpperAndLowerCaseChars" time="0.0">
    <ignored/>
  </testcase> <!-- countNoOfUpperAndLowerCaseChars -->
  <testcase classname="pgms_sanjay.StringPgms" name="reverseAString" time="0.0">
    <ignored/>
  </testcase> <!-- reverseAString -->
  <testcase classname="pgms_sanjay.StringPgms" name="countNoOfDuplicateWordsInAStringUsingMap" time="0.0">
    <ignored/>
  </testcase> <!-- countNoOfDuplicateWordsInAStringUsingMap -->
  <testcase classname="pgms_sanjay.StringPgms" name="positionOfEachCharInAStringWoutDuplicatesUsingMap" time="0.0">
    <ignored/>
  </testcase> <!-- positionOfEachCharInAStringWoutDuplicatesUsingMap -->
  <testcase classname="pgms_sanjay.StringPgms" name="printWordsInReversedFormat" time="0.0">
    <ignored/>
  </testcase> <!-- printWordsInReversedFormat -->
  <testcase classname="pgms_sanjay.StringPgms" name="printMaxLengthValuesInAStringArray" time="0.0">
    <ignored/>
  </testcase> <!-- printMaxLengthValuesInAStringArray -->
  <testcase classname="pgms_sanjay.StringPgms" name="reverseAGivenString" time="0.0">
    <ignored/>
  </testcase> <!-- reverseAGivenString -->
  <testcase classname="pgms_sanjay.StringPgms" name="occuranceOfEachCharacterInAStringUsingCollection" time="0.0">
    <ignored/>
  </testcase> <!-- occuranceOfEachCharacterInAStringUsingCollection -->
  <testcase classname="pgms_sanjay.StringPgms" name="printPositionOfEachCharInReverse" time="0.0">
    <ignored/>
  </testcase> <!-- printPositionOfEachCharInReverse -->
  <testcase classname="pgms_sanjay.StringPgms" name="findOccuranceOfEachWordsInAStringUsingMap" time="0.0">
    <ignored/>
  </testcase> <!-- findOccuranceOfEachWordsInAStringUsingMap -->
  <testcase classname="pgms_sanjay.StringPgms" name="countNoOfVowelsInAStringWithoutDuplicates" time="0.0">
    <ignored/>
  </testcase> <!-- countNoOfVowelsInAStringWithoutDuplicates -->
  <testcase classname="pgms_sanjay.StringPgms" name="sumOfDigitsInAString" time="0.0">
    <ignored/>
  </testcase> <!-- sumOfDigitsInAString -->
  <testcase classname="pgms_sanjay.StringPgms" name="printMinLengthValuesInAStringArray" time="0.0">
    <ignored/>
  </testcase> <!-- printMinLengthValuesInAStringArray -->
  <testcase classname="pgms_sanjay.StringPgms" name="countNoOfDuplicateWordsInAString" time="0.0">
    <ignored/>
  </testcase> <!-- countNoOfDuplicateWordsInAString -->
  <testcase classname="pgms_sanjay.StringPgms" name="segregateAlphabetsNumbersAndSpcCharactersFromAGivenString" time="0.0">
    <ignored/>
  </testcase> <!-- segregateAlphabetsNumbersAndSpcCharactersFromAGivenString -->
  <testcase classname="pgms_sanjay.StringPgms" name="printCountOfCharacters" time="0.0">
    <ignored/>
  </testcase> <!-- printCountOfCharacters -->
  <testcase classname="pgms_sanjay.StringPgms" name="printMinimumLengthValuesInAStringArray" time="0.0">
    <ignored/>
  </testcase> <!-- printMinimumLengthValuesInAStringArray -->
  <testcase classname="pgms_sanjay.StringPgms" name="reverseTheWordsInAString" time="0.0">
    <ignored/>
  </testcase> <!-- reverseTheWordsInAString -->
  <testcase classname="pgms_sanjay.StringPgms" name="printPositionOfEachWordInAStringUsingMap" time="0.0">
    <ignored/>
  </testcase> <!-- printPositionOfEachWordInAStringUsingMap -->
  <testcase classname="pgms_sanjay.StringPgms" name="printMaximumLengthValuesInAStringArray" time="0.0">
    <ignored/>
  </testcase> <!-- printMaximumLengthValuesInAStringArray -->
  <testcase classname="pgms_sanjay.StringPgms" name="occuranceOfEachCharacterInAStringUsingMap" time="0.0">
    <ignored/>
  </testcase> <!-- occuranceOfEachCharacterInAStringUsingMap -->
  <testcase classname="pgms_sanjay.StringPgms" name="positionOfEachCharInAStringWoutDuplicates" time="0.0">
    <ignored/>
  </testcase> <!-- positionOfEachCharInAStringWoutDuplicates -->
  <testcase classname="pgms_sanjay.StringPgms" name="vowel_or_consonant" time="0.0">
    <ignored/>
  </testcase> <!-- vowel_or_consonant -->
  <testcase classname="pgms_sanjay.StringPgms" name="stringPalyndrome" time="0.0">
    <ignored/>
  </testcase> <!-- stringPalyndrome -->
  <testcase classname="pgms_sanjay.StringPgms" name="balancedOrUnbalanced" time="0.0">
    <ignored/>
  </testcase> <!-- balancedOrUnbalanced -->
</testsuite> <!-- Default test -->
